<?xml version="1.0" encoding="UTF-8"?>
<testng-results skipped="0" failed="0" ignored="0" total="1" passed="1">
  <reporter-output>
  </reporter-output>
  <suite name="Default suite" duration-ms="44282" started-at="2018-01-18T18:21:45Z" finished-at="2018-01-18T18:22:29Z">
    <groups>
    </groups>
    <test name="Default test" duration-ms="44282" started-at="2018-01-18T18:21:45Z" finished-at="2018-01-18T18:22:29Z">
      <class name="testcases.executeTestCase">
        <test-method status="PASS" signature="testLogin()[pri:0, instance:testcases.executeTestCase@1057a39]" name="testLogin" duration-ms="44244" started-at="2018-01-18T23:51:45Z" finished-at="2018-01-18T23:52:29Z">
          <reporter-output>
          </reporter-output>
        </test-method> <!-- testLogin -->
      </class> <!-- testcases.executeTestCase -->
    </test> <!-- Default test -->
  </suite> <!-- Default suite -->
</testng-results>
